2023-05-07 20:05:21 [main] INFO  c.m.d.t.t.k.s.TwitterToKafkaServiceApplication - Starting TwitterToKafkaServiceApplication on DESKTOP-QQE72LU with PID 9804 (C:\Users\Aizakku\Documents\Personal Projects\microservices-demo\twitter-to-kafka-service\target\classes started by Aizakku in C:\Users\Aizakku\Documents\Personal Projects\microservices-demo)
2023-05-07 20:05:21 [main] INFO  c.m.d.t.t.k.s.TwitterToKafkaServiceApplication - Starting TwitterToKafkaServiceApplication on DESKTOP-QQE72LU with PID 9804 (C:\Users\Aizakku\Documents\Personal Projects\microservices-demo\twitter-to-kafka-service\target\classes started by Aizakku in C:\Users\Aizakku\Documents\Personal Projects\microservices-demo)
2023-05-07 20:05:21 [main] INFO  c.m.d.t.t.k.s.TwitterToKafkaServiceApplication - No active profile set, falling back to default profiles: default
2023-05-07 20:05:21 [main] INFO  c.m.d.t.t.k.s.TwitterToKafkaServiceApplication - No active profile set, falling back to default profiles: default
2023-05-07 20:05:22 [main] INFO  c.m.d.t.t.k.s.TwitterToKafkaServiceApplication - Started TwitterToKafkaServiceApplication in 0.623 seconds (JVM running for 1.184)
2023-05-07 20:05:22 [main] INFO  c.m.d.t.t.k.s.TwitterToKafkaServiceApplication - Started TwitterToKafkaServiceApplication in 0.623 seconds (JVM running for 1.184)
2023-05-07 20:05:22 [main] INFO  c.m.d.t.t.k.s.TwitterToKafkaServiceApplication - App starts...
2023-05-07 20:05:22 [main] INFO  c.m.d.t.t.k.s.TwitterToKafkaServiceApplication - App starts...
2023-05-07 20:05:22 [main] INFO  c.m.d.t.t.k.s.TwitterToKafkaServiceApplication - [Java, Microservices, Spring, Kafka, Elasticsearch]
2023-05-07 20:05:22 [main] INFO  c.m.d.t.t.k.s.TwitterToKafkaServiceApplication - [Java, Microservices, Spring, Kafka, Elasticsearch]
2023-05-07 20:05:22 [main] INFO  c.m.d.t.t.k.s.TwitterToKafkaServiceApplication - Hello microservices
2023-05-07 20:05:22 [main] INFO  c.m.d.t.t.k.s.TwitterToKafkaServiceApplication - Hello microservices
2023-05-07 20:05:22 [Twitter Stream consumer /  [1][initializing]] INFO  twitter4j.TwitterStreamImpl - Establishing connection.
2023-05-07 20:05:22 [main] INFO  c.m.d.t.t.k.s.r.i.TwitterKafkaStreamRunner - Started filtering twitter stream for keywords [Java, Microservices, Spring, Kafka, Elasticsearch]
2023-05-07 20:05:22 [main] INFO  c.m.d.t.t.k.s.r.i.TwitterKafkaStreamRunner - Started filtering twitter stream for keywords [Java, Microservices, Spring, Kafka, Elasticsearch]
2023-05-07 20:05:22 [Twitter Stream consumer /  [1][Establishing connection]] INFO  twitter4j.TwitterStreamImpl - https://stream.twitter.com/1.1/statuses/filter.json
2023-05-07 20:05:22 [Twitter Stream consumer /  [1][Establishing connection]] INFO  twitter4j.TwitterStreamImpl - Waiting for 250 milliseconds
2023-05-07 20:05:23 [Twitter Stream consumer /  [1][Waiting for 250 milliseconds]] INFO  twitter4j.TwitterStreamImpl - Establishing connection.
2023-05-07 20:05:23 [Twitter Stream consumer /  [1][Establishing connection]] INFO  twitter4j.TwitterStreamImpl - https://stream.twitter.com/1.1/statuses/filter.json
2023-05-07 20:05:23 [Twitter Stream consumer /  [1][Establishing connection]] INFO  twitter4j.TwitterStreamImpl - Waiting for 500 milliseconds
2023-05-07 20:05:23 [Twitter Stream consumer /  [1][Waiting for 500 milliseconds]] INFO  twitter4j.TwitterStreamImpl - Establishing connection.
2023-05-07 20:05:24 [Twitter Stream consumer /  [1][Establishing connection]] INFO  twitter4j.TwitterStreamImpl - https://stream.twitter.com/1.1/statuses/filter.json
2023-05-07 20:05:24 [Twitter Stream consumer /  [1][Establishing connection]] INFO  twitter4j.TwitterStreamImpl - Waiting for 1000 milliseconds
2023-05-07 20:05:25 [Twitter Stream consumer /  [1][Waiting for 1000 milliseconds]] INFO  twitter4j.TwitterStreamImpl - Establishing connection.
2023-05-07 20:05:25 [Twitter Stream consumer /  [1][Establishing connection]] INFO  twitter4j.TwitterStreamImpl - https://stream.twitter.com/1.1/statuses/filter.json
2023-05-07 20:05:25 [Twitter Stream consumer /  [1][Establishing connection]] INFO  twitter4j.TwitterStreamImpl - Waiting for 2000 milliseconds
2023-05-07 20:05:25 [SpringContextShutdownHook] INFO  c.m.d.t.t.k.s.r.i.TwitterKafkaStreamRunner - Closing twitter stream...
2023-05-07 20:05:25 [SpringContextShutdownHook] INFO  c.m.d.t.t.k.s.r.i.TwitterKafkaStreamRunner - Closing twitter stream...
